# JRE version: Java(TM) SE Runtime Environment (8.0_45-b15) (build 1.8.0_45-b15)
# Java VM: Java HotSpot(TM) 64-Bit Server VM (25.45-b02 mixed mode windows-amd64 compressed oops)
Heap:
 PSYoungGen      total 377344K, used 21817K [0x00000000d5e00000, 0x00000000ee300000, 0x0000000100000000)
  eden space 364544K, 4% used [0x00000000d5e00000,0x00000000d6f72718,0x00000000ec200000)
  from space 12800K, 30% used [0x00000000ec200000,0x00000000ec5dbee0,0x00000000ece80000)
  to   space 12288K, 0% used [0x00000000ece80000,0x00000000ece80000,0x00000000eda80000)
 ParOldGen       total 97792K, used 97441K [0x0000000081a00000, 0x0000000087980000, 0x00000000d5e00000)
  object space 97792K, 99% used [0x0000000081a00000,0x0000000087928630,0x0000000087980000)
 Metaspace       used 36725K, capacity 38400K, committed 38696K, reserved 1083392K
  class space    used 4621K, capacity 5368K, committed 5424K, reserved 1048576K
GC Heap History (10 events):
Event: 8.834 GC heap before
{Heap before GC invocations=14 (full 1):
 PSYoungGen      total 274944K, used 267584K [0x00000000d5e00000, 0x00000000e7900000, 0x0000000100000000)
  eden space 267264K, 100% used [0x00000000d5e00000,0x00000000e6300000,0x00000000e6300000)
  from space 7680K, 4% used [0x00000000e7180000,0x00000000e71d0000,0x00000000e7900000)
  to   space 11264K, 0% used [0x00000000e6300000,0x00000000e6300000,0x00000000e6e00000)
 ParOldGen       total 56832K, used 25083K [0x0000000081a00000, 0x0000000085180000, 0x00000000d5e00000)
  object space 56832K, 44% used [0x0000000081a00000,0x000000008327ec70,0x0000000085180000)
 Metaspace       used 33113K, capacity 34692K, committed 34864K, reserved 1079296K
  class space    used 4169K, capacity 4910K, committed 4912K, reserved 1048576K
Event: 8.852 GC heap after
Heap after GC invocations=14 (full 1):
 PSYoungGen      total 278528K, used 9521K [0x00000000d5e00000, 0x00000000eda80000, 0x0000000100000000)
  eden space 267264K, 0% used [0x00000000d5e00000,0x00000000d5e00000,0x00000000e6300000)
  from space 11264K, 84% used [0x00000000e6300000,0x00000000e6c4c5a8,0x00000000e6e00000)
  to   space 12288K, 0% used [0x00000000ece80000,0x00000000ece80000,0x00000000eda80000)
 ParOldGen       total 56832K, used 25107K [0x0000000081a00000, 0x0000000085180000, 0x00000000d5e00000)
  object space 56832K, 44% used [0x0000000081a00000,0x0000000083284c70,0x0000000085180000)
 Metaspace       used 33113K, capacity 34692K, committed 34864K, reserved 1079296K
  class space    used 4169K, capacity 4910K, committed 4912K, reserved 1048576K
}
Event: 9.118 GC heap before
{Heap before GC invocations=15 (full 1):
 PSYoungGen      total 278528K, used 19176K [0x00000000d5e00000, 0x00000000eda80000, 0x0000000100000000)
  eden space 267264K, 3% used [0x00000000d5e00000,0x00000000d676dde0,0x00000000e6300000)
  from space 11264K, 84% used [0x00000000e6300000,0x00000000e6c4c5a8,0x00000000e6e00000)
  to   space 12288K, 0% used [0x00000000ece80000,0x00000000ece80000,0x00000000eda80000)
 ParOldGen       total 56832K, used 25107K [0x0000000081a00000, 0x0000000085180000, 0x00000000d5e00000)
  object space 56832K, 44% used [0x0000000081a00000,0x0000000083284c70,0x0000000085180000)
 Metaspace       used 33792K, capacity 35324K, committed 35496K, reserved 1079296K
  class space    used 4282K, capacity 5010K, committed 5040K, reserved 1048576K
Event: 9.133 GC heap after
Heap after GC invocations=15 (full 1):
 PSYoungGen      total 376832K, used 1206K [0x00000000d5e00000, 0x00000000ee300000, 0x0000000100000000)
  eden space 364544K, 0% used [0x00000000d5e00000,0x00000000d5e00000,0x00000000ec200000)
  from space 12288K, 9% used [0x00000000ece80000,0x00000000ecfadba0,0x00000000eda80000)
  to   space 12800K, 0% used [0x00000000ec200000,0x00000000ec200000,0x00000000ece80000)
 ParOldGen       total 56832K, used 32430K [0x0000000081a00000, 0x0000000085180000, 0x00000000d5e00000)
  object space 56832K, 57% used [0x0000000081a00000,0x00000000839abb08,0x0000000085180000)
 Metaspace       used 33792K, capacity 35324K, committed 35496K, reserved 1079296K
  class space    used 4282K, capacity 5010K, committed 5040K, reserved 1048576K
}
Event: 9.133 GC heap before
{Heap before GC invocations=16 (full 2):
 PSYoungGen      total 376832K, used 1206K [0x00000000d5e00000, 0x00000000ee300000, 0x0000000100000000)
  eden space 364544K, 0% used [0x00000000d5e00000,0x00000000d5e00000,0x00000000ec200000)
  from space 12288K, 9% used [0x00000000ece80000,0x00000000ecfadba0,0x00000000eda80000)
  to   space 12800K, 0% used [0x00000000ec200000,0x00000000ec200000,0x00000000ece80000)
 ParOldGen       total 56832K, used 32430K [0x0000000081a00000, 0x0000000085180000, 0x00000000d5e00000)
  object space 56832K, 57% used [0x0000000081a00000,0x00000000839abb08,0x0000000085180000)
 Metaspace       used 33792K, capacity 35324K, committed 35496K, reserved 1079296K
  class space    used 4282K, capacity 5010K, committed 5040K, reserved 1048576K
Event: 9.298 GC heap after
Heap after GC invocations=16 (full 2):
 PSYoungGen      total 376832K, used 0K [0x00000000d5e00000, 0x00000000ee300000, 0x0000000100000000)
  eden space 364544K, 0% used [0x00000000d5e00000,0x00000000d5e00000,0x00000000ec200000)
  from space 12288K, 0% used [0x00000000ece80000,0x00000000ece80000,0x00000000eda80000)
  to   space 12800K, 0% used [0x00000000ec200000,0x00000000ec200000,0x00000000ece80000)
 ParOldGen       total 97792K, used 23190K [0x0000000081a00000, 0x0000000087980000, 0x00000000d5e00000)
  object space 97792K, 23% used [0x0000000081a00000,0x00000000830a5988,0x0000000087980000)
 Metaspace       used 33792K, capacity 35324K, committed 35496K, reserved 1079296K
  class space    used 4282K, capacity 5010K, committed 5040K, reserved 1048576K
}
Event: 11.582 GC heap before
{Heap before GC invocations=17 (full 2):
 PSYoungGen      total 376832K, used 364544K [0x00000000d5e00000, 0x00000000ee300000, 0x0000000100000000)
  eden space 364544K, 100% used [0x00000000d5e00000,0x00000000ec200000,0x00000000ec200000)
  from space 12288K, 0% used [0x00000000ece80000,0x00000000ece80000,0x00000000eda80000)
  to   space 12800K, 0% used [0x00000000ec200000,0x00000000ec200000,0x00000000ece80000)
 ParOldGen       total 97792K, used 23190K [0x0000000081a00000, 0x0000000087980000, 0x00000000d5e00000)
  object space 97792K, 23% used [0x0000000081a00000,0x00000000830a5988,0x0000000087980000)
 Metaspace       used 36381K, capacity 38012K, committed 38440K, reserved 1083392K
  class space    used 4608K, capacity 5330K, committed 5424K, reserved 1048576K
Event: 11.655 GC heap after
Heap after GC invocations=17 (full 2):
 PSYoungGen      total 377344K, used 12773K [0x00000000d5e00000, 0x00000000ee300000, 0x0000000100000000)
  eden space 364544K, 0% used [0x00000000d5e00000,0x00000000d5e00000,0x00000000ec200000)
  from space 12800K, 99% used [0x00000000ec200000,0x00000000ece79578,0x00000000ece80000)
  to   space 12288K, 0% used [0x00000000ece80000,0x00000000ece80000,0x00000000eda80000)
 ParOldGen       total 97792K, used 90557K [0x0000000081a00000, 0x0000000087980000, 0x00000000d5e00000)
  object space 97792K, 92% used [0x0000000081a00000,0x000000008726f798,0x0000000087980000)
 Metaspace       used 36381K, capacity 38012K, committed 38440K, reserved 1083392K
  class space    used 4608K, capacity 5330K, committed 5424K, reserved 1048576K
}
Event: 11.655 GC heap before
{Heap before GC invocations=18 (full 3):
 PSYoungGen      total 377344K, used 12773K [0x00000000d5e00000, 0x00000000ee300000, 0x0000000100000000)
  eden space 364544K, 0% used [0x00000000d5e00000,0x00000000d5e00000,0x00000000ec200000)
  from space 12800K, 99% used [0x00000000ec200000,0x00000000ece79578,0x00000000ece80000)
  to   space 12288K, 0% used [0x00000000ece80000,0x00000000ece80000,0x00000000eda80000)
 ParOldGen       total 97792K, used 90557K [0x0000000081a00000, 0x0000000087980000, 0x00000000d5e00000)
  object space 97792K, 92% used [0x0000000081a00000,0x000000008726f798,0x0000000087980000)
 Metaspace       used 36381K, capacity 38012K, committed 38440K, reserved 1083392K
  class space    used 4608K, capacity 5330K, committed 5424K, reserved 1048576K
Event: 12.257 GC heap after
Heap after GC invocations=18 (full 3):
 PSYoungGen      total 377344K, used 3951K [0x00000000d5e00000, 0x00000000ee300000, 0x0000000100000000)
  eden space 364544K, 0% used [0x00000000d5e00000,0x00000000d5e00000,0x00000000ec200000)
  from space 12800K, 30% used [0x00000000ec200000,0x00000000ec5dbee0,0x00000000ece80000)
  to   space 12288K, 0% used [0x00000000ece80000,0x00000000ece80000,0x00000000eda80000)
 ParOldGen       total 97792K, used 97441K [0x0000000081a00000, 0x0000000087980000, 0x00000000d5e00000)
  object space 97792K, 99% used [0x0000000081a00000,0x0000000087928630,0x0000000087980000)
 Metaspace       used 36381K, capacity 38012K, committed 38440K, reserved 1083392K
  class space    used 4608K, capacity 5330K, committed 5424K, reserved 1048576K
}

