# JRE version: Java(TM) SE Runtime Environment (8.0_45-b15) (build 1.8.0_45-b15)
# Java VM: Java HotSpot(TM) 64-Bit Server VM (25.45-b02 mixed mode windows-amd64 compressed oops)
Heap:
 PSYoungGen      total 437248K, used 45578K [0x00000000d5e00000, 0x00000000f5400000, 0x0000000100000000)
  eden space 404992K, 11% used [0x00000000d5e00000,0x00000000d8a82a20,0x00000000ee980000)
  from space 32256K, 0% used [0x00000000f1680000,0x00000000f1680000,0x00000000f3600000)
  to   space 46080K, 0% used [0x00000000ee980000,0x00000000ee980000,0x00000000f1680000)
 ParOldGen       total 189952K, used 64889K [0x0000000081a00000, 0x000000008d380000, 0x00000000d5e00000)
  object space 189952K, 34% used [0x0000000081a00000,0x000000008595e550,0x000000008d380000)
 Metaspace       used 38827K, capacity 40476K, committed 40744K, reserved 1085440K
  class space    used 4865K, capacity 5567K, committed 5680K, reserved 1048576K
GC Heap History (10 events):
Event: 8.631 GC heap before
{Heap before GC invocations=15 (full 1):
 PSYoungGen      total 249856K, used 175199K [0x00000000d5e00000, 0x00000000eb100000, 0x0000000100000000)
  eden space 238592K, 73% used [0x00000000d5e00000,0x00000000e08d7fa0,0x00000000e4700000)
  from space 11264K, 2% used [0x00000000e4700000,0x00000000e4740000,0x00000000e5200000)
  to   space 11776K, 0% used [0x00000000ea580000,0x00000000ea580000,0x00000000eb100000)
 ParOldGen       total 57344K, used 25371K [0x0000000081a00000, 0x0000000085200000, 0x00000000d5e00000)
  object space 57344K, 44% used [0x0000000081a00000,0x00000000832c6e90,0x0000000085200000)
 Metaspace       used 33792K, capacity 35330K, committed 35496K, reserved 1079296K
  class space    used 4278K, capacity 5012K, committed 5040K, reserved 1048576K
Event: 8.648 GC heap after
Heap after GC invocations=15 (full 1):
 PSYoungGen      total 327168K, used 10503K [0x00000000d5e00000, 0x00000000eb000000, 0x0000000100000000)
  eden space 316416K, 0% used [0x00000000d5e00000,0x00000000d5e00000,0x00000000e9300000)
  from space 10752K, 97% used [0x00000000ea580000,0x00000000eafc1c98,0x00000000eb000000)
  to   space 13312K, 0% used [0x00000000e9600000,0x00000000e9600000,0x00000000ea300000)
 ParOldGen       total 57344K, used 25379K [0x0000000081a00000, 0x0000000085200000, 0x00000000d5e00000)
  object space 57344K, 44% used [0x0000000081a00000,0x00000000832c8e90,0x0000000085200000)
 Metaspace       used 33792K, capacity 35330K, committed 35496K, reserved 1079296K
  class space    used 4278K, capacity 5012K, committed 5040K, reserved 1048576K
}
Event: 8.648 GC heap before
{Heap before GC invocations=16 (full 2):
 PSYoungGen      total 327168K, used 10503K [0x00000000d5e00000, 0x00000000eb000000, 0x0000000100000000)
  eden space 316416K, 0% used [0x00000000d5e00000,0x00000000d5e00000,0x00000000e9300000)
  from space 10752K, 97% used [0x00000000ea580000,0x00000000eafc1c98,0x00000000eb000000)
  to   space 13312K, 0% used [0x00000000e9600000,0x00000000e9600000,0x00000000ea300000)
 ParOldGen       total 57344K, used 25379K [0x0000000081a00000, 0x0000000085200000, 0x00000000d5e00000)
  object space 57344K, 44% used [0x0000000081a00000,0x00000000832c8e90,0x0000000085200000)
 Metaspace       used 33792K, capacity 35330K, committed 35496K, reserved 1079296K
  class space    used 4278K, capacity 5012K, committed 5040K, reserved 1048576K
Event: 8.796 GC heap after
Heap after GC invocations=16 (full 2):
 PSYoungGen      total 327168K, used 0K [0x00000000d5e00000, 0x00000000eb000000, 0x0000000100000000)
  eden space 316416K, 0% used [0x00000000d5e00000,0x00000000d5e00000,0x00000000e9300000)
  from space 10752K, 0% used [0x00000000ea580000,0x00000000ea580000,0x00000000eb000000)
  to   space 13312K, 0% used [0x00000000e9600000,0x00000000e9600000,0x00000000ea300000)
 ParOldGen       total 102400K, used 25156K [0x0000000081a00000, 0x0000000087e00000, 0x00000000d5e00000)
  object space 102400K, 24% used [0x0000000081a00000,0x00000000832910f0,0x0000000087e00000)
 Metaspace       used 33792K, capacity 35330K, committed 35496K, reserved 1079296K
  class space    used 4278K, capacity 5012K, committed 5040K, reserved 1048576K
}
Event: 10.756 GC heap before
{Heap before GC invocations=17 (full 2):
 PSYoungGen      total 327168K, used 316416K [0x00000000d5e00000, 0x00000000eb000000, 0x0000000100000000)
  eden space 316416K, 100% used [0x00000000d5e00000,0x00000000e9300000,0x00000000e9300000)
  from space 10752K, 0% used [0x00000000ea580000,0x00000000ea580000,0x00000000eb000000)
  to   space 13312K, 0% used [0x00000000e9600000,0x00000000e9600000,0x00000000ea300000)
 ParOldGen       total 102400K, used 25156K [0x0000000081a00000, 0x0000000087e00000, 0x00000000d5e00000)
  object space 102400K, 24% used [0x0000000081a00000,0x00000000832910f0,0x0000000087e00000)
 Metaspace       used 36366K, capacity 37986K, committed 38440K, reserved 1083392K
  class space    used 4604K, capacity 5300K, committed 5424K, reserved 1048576K
Event: 10.816 GC heap after
Heap after GC invocations=17 (full 2):
 PSYoungGen      total 332800K, used 13292K [0x00000000d5e00000, 0x00000000f3600000, 0x0000000100000000)
  eden space 319488K, 0% used [0x00000000d5e00000,0x00000000d5e00000,0x00000000e9600000)
  from space 13312K, 99% used [0x00000000e9600000,0x00000000ea2fb360,0x00000000ea300000)
  to   space 32256K, 0% used [0x00000000f1680000,0x00000000f1680000,0x00000000f3600000)
 ParOldGen       total 102400K, used 71348K [0x0000000081a00000, 0x0000000087e00000, 0x00000000d5e00000)
  object space 102400K, 69% used [0x0000000081a00000,0x0000000085fad0a0,0x0000000087e00000)
 Metaspace       used 36366K, capacity 37986K, committed 38440K, reserved 1083392K
  class space    used 4604K, capacity 5300K, committed 5424K, reserved 1048576K
}
Event: 12.673 GC heap before
{Heap before GC invocations=18 (full 2):
 PSYoungGen      total 332800K, used 332780K [0x00000000d5e00000, 0x00000000f3600000, 0x0000000100000000)
  eden space 319488K, 100% used [0x00000000d5e00000,0x00000000e9600000,0x00000000e9600000)
  from space 13312K, 99% used [0x00000000e9600000,0x00000000ea2fb360,0x00000000ea300000)
  to   space 32256K, 0% used [0x00000000f1680000,0x00000000f1680000,0x00000000f3600000)
 ParOldGen       total 102400K, used 71348K [0x0000000081a00000, 0x0000000087e00000, 0x00000000d5e00000)
  object space 102400K, 69% used [0x0000000081a00000,0x0000000085fad0a0,0x0000000087e00000)
 Metaspace       used 37247K, capacity 38956K, committed 39208K, reserved 1083392K
  class space    used 4679K, capacity 5403K, committed 5424K, reserved 1048576K
Event: 12.720 GC heap after
Heap after GC invocations=18 (full 2):
 PSYoungGen      total 437248K, used 32241K [0x00000000d5e00000, 0x00000000f5400000, 0x0000000100000000)
  eden space 404992K, 0% used [0x00000000d5e00000,0x00000000d5e00000,0x00000000ee980000)
  from space 32256K, 99% used [0x00000000f1680000,0x00000000f35fc4e0,0x00000000f3600000)
  to   space 46080K, 0% used [0x00000000ee980000,0x00000000ee980000,0x00000000f1680000)
 ParOldGen       total 102400K, used 93283K [0x0000000081a00000, 0x0000000087e00000, 0x00000000d5e00000)
  object space 102400K, 91% used [0x0000000081a00000,0x0000000087518f90,0x0000000087e00000)
 Metaspace       used 37247K, capacity 38956K, committed 39208K, reserved 1083392K
  class space    used 4679K, capacity 5403K, committed 5424K, reserved 1048576K
}
Event: 12.720 GC heap before
{Heap before GC invocations=19 (full 3):
 PSYoungGen      total 437248K, used 32241K [0x00000000d5e00000, 0x00000000f5400000, 0x0000000100000000)
  eden space 404992K, 0% used [0x00000000d5e00000,0x00000000d5e00000,0x00000000ee980000)
  from space 32256K, 99% used [0x00000000f1680000,0x00000000f35fc4e0,0x00000000f3600000)
  to   space 46080K, 0% used [0x00000000ee980000,0x00000000ee980000,0x00000000f1680000)
 ParOldGen       total 102400K, used 93283K [0x0000000081a00000, 0x0000000087e00000, 0x00000000d5e00000)
  object space 102400K, 91% used [0x0000000081a00000,0x0000000087518f90,0x0000000087e00000)
 Metaspace       used 37247K, capacity 38956K, committed 39208K, reserved 1083392K
  class space    used 4679K, capacity 5403K, committed 5424K, reserved 1048576K
Event: 13.047 GC heap after
Heap after GC invocations=19 (full 3):
 PSYoungGen      total 437248K, used 0K [0x00000000d5e00000, 0x00000000f5400000, 0x0000000100000000)
  eden space 404992K, 0% used [0x00000000d5e00000,0x00000000d5e00000,0x00000000ee980000)
  from space 32256K, 0% used [0x00000000f1680000,0x00000000f1680000,0x00000000f3600000)
  to   space 46080K, 0% used [0x00000000ee980000,0x00000000ee980000,0x00000000f1680000)
 ParOldGen       total 189952K, used 64889K [0x0000000081a00000, 0x000000008d380000, 0x00000000d5e00000)
  object space 189952K, 34% used [0x0000000081a00000,0x000000008595e550,0x000000008d380000)
 Metaspace       used 37247K, capacity 38956K, committed 39208K, reserved 1083392K
  class space    used 4679K, capacity 5403K, committed 5424K, reserved 1048576K
}

